Change Dir: 'E:/Project/DECA3/DECA/vcpkg_installed/vcpkg/blds/imgui/x64-windows-rel'

Run Build Command(s): "E:/Microsoft Visual Studio/2022/Community/Common7/IDE/CommonExtensions/Microsoft/CMake/Ninja/ninja.exe" -v -v -j13 install
[1/8] "E:\Microsoft Visual Studio\2022\Community\VC\Tools\MSVC\14.40.33807\bin\Hostx64\x64\cl.exe"   /TP  -IE:\Project\DECA3\DECA\vcpkg_installed\vcpkg\blds\imgui\src\v1.90.2-4442117b09.clean /nologo /DWIN32 /D_WINDOWS /W3 /utf-8 /GR /EHsc /MP  /MD /O2 /Oi /Gy /DNDEBUG /Z7  -MD /showIncludes /FoCMakeFiles\imgui.dir\misc\cpp\imgui_stdlib.cpp.obj /FdCMakeFiles\imgui.dir\imgui.pdb /FS -c E:\Project\DECA3\DECA\vcpkg_installed\vcpkg\blds\imgui\src\v1.90.2-4442117b09.clean\misc\cpp\imgui_stdlib.cpp
[2/8] "E:\Microsoft Visual Studio\2022\Community\VC\Tools\MSVC\14.40.33807\bin\Hostx64\x64\cl.exe"   /TP  -IE:\Project\DECA3\DECA\vcpkg_installed\vcpkg\blds\imgui\src\v1.90.2-4442117b09.clean /nologo /DWIN32 /D_WINDOWS /W3 /utf-8 /GR /EHsc /MP  /MD /O2 /Oi /Gy /DNDEBUG /Z7  -MD /showIncludes /FoCMakeFiles\imgui.dir\imgui_tables.cpp.obj /FdCMakeFiles\imgui.dir\imgui.pdb /FS -c E:\Project\DECA3\DECA\vcpkg_installed\vcpkg\blds\imgui\src\v1.90.2-4442117b09.clean\imgui_tables.cpp
[3/8] "E:\Microsoft Visual Studio\2022\Community\VC\Tools\MSVC\14.40.33807\bin\Hostx64\x64\cl.exe"   /TP  -IE:\Project\DECA3\DECA\vcpkg_installed\vcpkg\blds\imgui\src\v1.90.2-4442117b09.clean /nologo /DWIN32 /D_WINDOWS /W3 /utf-8 /GR /EHsc /MP  /MD /O2 /Oi /Gy /DNDEBUG /Z7  -MD /showIncludes /FoCMakeFiles\imgui.dir\imgui_draw.cpp.obj /FdCMakeFiles\imgui.dir\imgui.pdb /FS -c E:\Project\DECA3\DECA\vcpkg_installed\vcpkg\blds\imgui\src\v1.90.2-4442117b09.clean\imgui_draw.cpp
[4/8] "E:\Microsoft Visual Studio\2022\Community\VC\Tools\MSVC\14.40.33807\bin\Hostx64\x64\cl.exe"   /TP  -IE:\Project\DECA3\DECA\vcpkg_installed\vcpkg\blds\imgui\src\v1.90.2-4442117b09.clean /nologo /DWIN32 /D_WINDOWS /W3 /utf-8 /GR /EHsc /MP  /MD /O2 /Oi /Gy /DNDEBUG /Z7  -MD /showIncludes /FoCMakeFiles\imgui.dir\imgui_widgets.cpp.obj /FdCMakeFiles\imgui.dir\imgui.pdb /FS -c E:\Project\DECA3\DECA\vcpkg_installed\vcpkg\blds\imgui\src\v1.90.2-4442117b09.clean\imgui_widgets.cpp
[5/8] "E:\Microsoft Visual Studio\2022\Community\VC\Tools\MSVC\14.40.33807\bin\Hostx64\x64\cl.exe"   /TP  -IE:\Project\DECA3\DECA\vcpkg_installed\vcpkg\blds\imgui\src\v1.90.2-4442117b09.clean /nologo /DWIN32 /D_WINDOWS /W3 /utf-8 /GR /EHsc /MP  /MD /O2 /Oi /Gy /DNDEBUG /Z7  -MD /showIncludes /FoCMakeFiles\imgui.dir\imgui.cpp.obj /FdCMakeFiles\imgui.dir\imgui.pdb /FS -c E:\Project\DECA3\DECA\vcpkg_installed\vcpkg\blds\imgui\src\v1.90.2-4442117b09.clean\imgui.cpp
[6/8] "E:\Microsoft Visual Studio\2022\Community\VC\Tools\MSVC\14.40.33807\bin\Hostx64\x64\cl.exe"   /TP  -IE:\Project\DECA3\DECA\vcpkg_installed\vcpkg\blds\imgui\src\v1.90.2-4442117b09.clean /nologo /DWIN32 /D_WINDOWS /W3 /utf-8 /GR /EHsc /MP  /MD /O2 /Oi /Gy /DNDEBUG /Z7  -MD /showIncludes /FoCMakeFiles\imgui.dir\imgui_demo.cpp.obj /FdCMakeFiles\imgui.dir\imgui.pdb /FS -c E:\Project\DECA3\DECA\vcpkg_installed\vcpkg\blds\imgui\src\v1.90.2-4442117b09.clean\imgui_demo.cpp
[7/8] cmd.exe /C "cd . && "E:\Microsoft Visual Studio\2022\Community\VC\Tools\MSVC\14.40.33807\bin\Hostx64\x64\lib.exe"  /machine:x64 /nologo /out:imgui.lib CMakeFiles\imgui.dir\imgui.cpp.obj CM-- Install configuration: "Release"
-- Installing: E:/Project/DECA3/DECA/vcpkg_installed/vcpkg/pkgs/imgui_x64-windows/lib/imgui.lib
-- Installing: E:/Project/DECA3/DECA/vcpkg_installed/vcpkg/pkgs/imgui_x64-windows/include/imgui.h
-- Installing: E:/Project/DECA3/DECA/vcpkg_installed/vcpkg/pkgs/imgui_x64-windows/include/imconfig.h
-- Installing: E:/Project/DECA3/DECA/vcpkg_installed/vcpkg/pkgs/imgui_x64-windows/include/imgui_internal.h
-- Installing: E:/Project/DECA3/DECA/vcpkg_installed/vcpkg/pkgs/imgui_x64-windows/include/imstb_textedit.h
-- Installing: E:/Project/DECA3/DECA/vcpkg_installed/vcpkg/pkgs/imgui_x64-windows/include/imstb_rectpack.h
-- Installing: E:/Project/DECA3/DECA/vcpkg_installed/vcpkg/pkgs/imgui_x64-windows/include/imstb_truetype.h
-- Installing: E:/Project/DECA3/DECA/vcpkg_installed/vcpkg/pkgs/imgui_x64-windows/include/imgui_stdlib.h
-- Installing: E:/Project/DECA3/DECA/vcpkg_installed/vcpkg/pkgs/imgui_x64-windows/share/imgui/imgui-config.cmake
-- Installing: E:/Project/DECA3/DECA/vcpkg_installed/vcpkg/pkgs/imgui_x64-windows/share/imgui/imgui-targets.cmake
-- Installing: E:/Project/DECA3/DECA/vcpkg_installed/vcpkg/pkgs/imgui_x64-windows/share/imgui/imgui-targets-release.cmake
akeFiles\imgui.dir\imgui_demo.cpp.obj CMakeFiles\imgui.dir\imgui_draw.cpp.obj CMakeFiles\imgui.dir\imgui_tables.cpp.obj CMakeFiles\imgui.dir\imgui_widgets.cpp.obj CMakeFiles\imgui.dir\misc\cpp\imgui_stdlib.cpp.obj  && cd ."
[7/8] cmd.exe /C "cd /D E:\Project\DECA3\DECA\vcpkg_installed\vcpkg\blds\imgui\x64-windows-rel && C:\Users\acer\AppData\Local\vcpkg\downloads\tools\cmake-3.27.1-windows\cmake-3.27.1-windows-i386\bin\cmake.exe -P cmake_install.cmake"

